<?xml version="1.0" encoding="UTF-8"?>
<!-- Generated by org.testng.reporters.JUnitReportReporter -->
<testsuite skipped="0" hostname="LAPTOP-EL4UOI4O" name="com.mantisBT.testcases.VerifyMantisLogin" tests="1" failures="0" timestamp="2021-02-21T10:40:43 IST" time="34.339" errors="0">
  <testcase name="verifyValidLogin" time="34.339" classname="com.mantisBT.testcases.VerifyMantisLogin"/>
</testsuite> <!-- com.mantisBT.testcases.VerifyMantisLogin -->
