<?xml version="1.0" encoding="UTF-8"?>
<!-- Generated by org.testng.reporters.JUnitReportReporter -->
<testsuite skipped="0" hostname="LAPTOP-EL4UOI4O" name="crossBr.VerifyTitle" tests="2" failures="0" timestamp="2020-08-18T14:34:07 IST" time="42.093" errors="0">
  <testcase name="verifyPage" time="16.532" classname="crossBr.VerifyTitle"/>
  <testcase name="verifyPage" time="25.561" classname="crossBr.VerifyTitle"/>
</testsuite> <!-- crossBr.VerifyTitle -->
