<?xml version="1.0" encoding="UTF-8"?>
<!-- Generated by org.testng.reporters.JUnitReportReporter -->
<testsuite skipped="0" hostname="LAPTOP-EL4UOI4O" name="com.mantisBT_3.testcases.VerifyValidLogin3" tests="1" failures="0" timestamp="2020-08-13T12:37:07 IST" time="62.285" errors="0">
  <testcase name="verifyValidLogin" time="62.285" classname="com.mantisBT_3.testcases.VerifyValidLogin3"/>
</testsuite> <!-- com.mantisBT_3.testcases.VerifyValidLogin3 -->
