<?xml version="1.0" encoding="UTF-8"?>
<!-- Generated by org.testng.reporters.JUnitReportReporter -->
<testsuite skipped="0" hostname="LAPTOP-EL4UOI4O" name="com.mantisBT_3.testcases.VerifyValidLogin3" tests="1" failures="0" timestamp="2021-02-21T11:08:12 IST" time="20.096" errors="0">
  <testcase name="verifyLogin" time="20.096" classname="com.mantisBT_3.testcases.VerifyValidLogin3"/>
</testsuite> <!-- com.mantisBT_3.testcases.VerifyValidLogin3 -->
