<?xml version="1.0" encoding="UTF-8"?>
<!-- Generated by org.testng.reporters.JUnitReportReporter -->
<testsuite skipped="0" hostname="LAPTOP-EL4UOI4O" name="dummy.MainClass" tests="1" failures="0" timestamp="2020-08-18T11:00:52 IST" time="19.579" errors="0">
  <testcase name="VerifiedLogin" time="19.579" classname="dummy.MainClass"/>
</testsuite> <!-- dummy.MainClass -->
