<?xml version="1.0" encoding="UTF-8"?>
<!-- Generated by org.testng.reporters.JUnitReportReporter -->
<testsuite skipped="0" hostname="LAPTOP-EL4UOI4O" name="com.MantisBT.TestCases.VerifyValidLogin" tests="1" failures="0" timestamp="2020-08-16T08:16:39 IST" time="20.006" errors="0">
  <testcase name="checkValidUser" time="20.006" classname="com.MantisBT.TestCases.VerifyValidLogin"/>
</testsuite> <!-- com.MantisBT.TestCases.VerifyValidLogin -->
